Traceback (most recent call last):
  File "/nas/longleaf/home/meisheng/FP_Project/code_running/ADRML/IF_code/ADRML_IF.py", line 206, in <module>
    main()
  File "/nas/longleaf/home/meisheng/FP_Project/code_running/ADRML/IF_code/ADRML_IF.py", line 204, in main
    runapp(response_file, simC_name, simD_name, fold_infos, percent, miu, landa, CV_num, repetition, output_name)
  File "/nas/longleaf/home/meisheng/FP_Project/code_running/ADRML/IF_code/ADRML_IF.py", line 112, in runapp
    folds_info = pd.read_csv(fold_infos)
  File "/nas/longleaf/rhel8/apps/python/3.7.14/lib/python3.7/site-packages/pandas/util/_decorators.py", line 311, in wrapper
    return func(*args, **kwargs)
  File "/nas/longleaf/rhel8/apps/python/3.7.14/lib/python3.7/site-packages/pandas/io/parsers/readers.py", line 586, in read_csv
    return _read(filepath_or_buffer, kwds)
  File "/nas/longleaf/rhel8/apps/python/3.7.14/lib/python3.7/site-packages/pandas/io/parsers/readers.py", line 482, in _read
    parser = TextFileReader(filepath_or_buffer, **kwds)
  File "/nas/longleaf/rhel8/apps/python/3.7.14/lib/python3.7/site-packages/pandas/io/parsers/readers.py", line 811, in __init__
    self._engine = self._make_engine(self.engine)
  File "/nas/longleaf/rhel8/apps/python/3.7.14/lib/python3.7/site-packages/pandas/io/parsers/readers.py", line 1040, in _make_engine
    return mapping[engine](self.f, **self.options)  # type: ignore[call-arg]
  File "/nas/longleaf/rhel8/apps/python/3.7.14/lib/python3.7/site-packages/pandas/io/parsers/c_parser_wrapper.py", line 51, in __init__
    self._open_handles(src, kwds)
  File "/nas/longleaf/rhel8/apps/python/3.7.14/lib/python3.7/site-packages/pandas/io/parsers/base_parser.py", line 229, in _open_handles
    errors=kwds.get("encoding_errors", "strict"),
  File "/nas/longleaf/rhel8/apps/python/3.7.14/lib/python3.7/site-packages/pandas/io/common.py", line 707, in get_handle
    newline="",
FileNotFoundError: [Errno 2] No such file or directory: 'nas/longleaf/home/meisheng/FP_Project/code_running/ADRML/ADRML_BigGDSC/fold_info_pdsp_use_mask_comb.csv'
